<?xml version="1.0" encoding="UTF-8"?>
<testng-results ignored="0" total="1" passed="1" failed="0" skipped="0">
  <reporter-output>
  </reporter-output>
  <suite started-at="2021-08-12T15:29:22 IST" name="executor" finished-at="2021-08-12T15:29:22 IST" duration-ms="280">
    <groups>
    </groups>
    <test started-at="2021-08-12T15:29:22 IST" name="testing xml file" finished-at="2021-08-12T15:29:22 IST" duration-ms="280">
      <class name="testng.BeforeafterSuite">
        <test-method is-config="true" signature="beforesuite()[pri:0, instance:testng.BeforeafterSuite@2cdd0d4b]" started-at="2021-08-12T15:29:22 IST" name="beforesuite" finished-at="2021-08-12T15:29:22 IST" duration-ms="36" status="PASS">
          <reporter-output>
          </reporter-output>
        </test-method> <!-- beforesuite -->
        <test-method is-config="true" signature="aftersuite()[pri:0, instance:testng.BeforeafterSuite@2cdd0d4b]" started-at="2021-08-12T15:29:23 IST" name="aftersuite" finished-at="2021-08-12T15:29:23 IST" duration-ms="1" status="PASS">
          <reporter-output>
          </reporter-output>
        </test-method> <!-- aftersuite -->
      </class> <!-- testng.BeforeafterSuite -->
      <class name="testng.BeforeafterTest">
        <test-method is-config="true" signature="beforeTest()[pri:0, instance:testng.BeforeafterTest@7e9131d5]" started-at="2021-08-12T15:29:22 IST" name="beforeTest" finished-at="2021-08-12T15:29:22 IST" duration-ms="2" status="PASS">
          <reporter-output>
          </reporter-output>
        </test-method> <!-- beforeTest -->
        <test-method is-config="true" signature="afterTest()[pri:0, instance:testng.BeforeafterTest@7e9131d5]" started-at="2021-08-12T15:29:22 IST" name="afterTest" finished-at="2021-08-12T15:29:22 IST" duration-ms="1" status="PASS">
          <reporter-output>
          </reporter-output>
        </test-method> <!-- afterTest -->
      </class> <!-- testng.BeforeafterTest -->
      <class name="testng.suite1">
        <test-method is-config="true" signature="beforeClass()[pri:0, instance:testng.suite1@2e1d27ba]" started-at="2021-08-12T15:29:22 IST" name="beforeClass" finished-at="2021-08-12T15:29:22 IST" duration-ms="5" status="PASS">
          <reporter-output>
          </reporter-output>
        </test-method> <!-- beforeClass -->
        <test-method signature="test1()[pri:0, instance:testng.suite1@2e1d27ba]" started-at="2021-08-12T15:29:22 IST" name="test1" finished-at="2021-08-12T15:29:22 IST" duration-ms="39" status="PASS">
          <reporter-output>
          </reporter-output>
        </test-method> <!-- test1 -->
        <test-method is-config="true" signature="afterClass()[pri:0, instance:testng.suite1@2e1d27ba]" started-at="2021-08-12T15:29:22 IST" name="afterClass" finished-at="2021-08-12T15:29:22 IST" duration-ms="2" status="PASS">
          <reporter-output>
          </reporter-output>
        </test-method> <!-- afterClass -->
      </class> <!-- testng.suite1 -->
    </test> <!-- testing xml file -->
  </suite> <!-- executor -->
</testng-results>
